<?xml version="1.0" encoding="UTF-8"?>
<coverage generated="1630287887035" clover="3.2.0">
  <project timestamp="1630287887035" name="All files">
    <metrics statements="11" coveredstatements="11" conditionals="8" coveredconditionals="7" methods="3" coveredmethods="3" elements="22" coveredelements="21" complexity="0" loc="11" ncloc="11" packages="1" files="1" classes="1"/>
    <file name="350.intersectionOfTwoArrays2.js" path="D:\workspace\leetcode\src\350.intersectionOfTwoArrays2.js">
      <metrics statements="11" coveredstatements="11" conditionals="8" coveredconditionals="7" methods="3" coveredmethods="3"/>
      <line num="1" count="1" type="stmt"/>
      <line num="2" count="2" type="stmt"/>
      <line num="3" count="2" type="stmt"/>
      <line num="5" count="7" type="cond" truecount="2" falsecount="0"/>
      <line num="6" count="2" type="stmt"/>
      <line num="7" count="7" type="cond" truecount="3" falsecount="1"/>
      <line num="9" count="7" type="stmt"/>
      <line num="10" count="7" type="cond" truecount="2" falsecount="0"/>
      <line num="11" count="4" type="stmt"/>
      <line num="12" count="4" type="stmt"/>
      <line num="16" count="2" type="stmt"/>
    </file>
  </project>
</coverage>
