{"D:\\workspace\\leetcode\\src\\350.intersectionOfTwoArrays2.js": {"path":"D:\\workspace\\leetcode\\src\\350.intersectionOfTwoArrays2.js","statementMap":{"0":{"start":{"line":1,"column":23},"end":{"line":17,"column":1}},"1":{"start":{"line":2,"column":14},"end":{"line":2,"column":23}},"2":{"start":{"line":3,"column":17},"end":{"line":3,"column":19}},"3":{"start":{"line":5,"column":2},"end":{"line":5,"column":73}},"4":{"start":{"line":5,"column":23},"end":{"line":5,"column":72}},"5":{"start":{"line":6,"column":2},"end":{"line":14,"column":4}},"6":{"start":{"line":7,"column":4},"end":{"line":7,"column":84}},"7":{"start":{"line":7,"column":73},"end":{"line":7,"column":84}},"8":{"start":{"line":9,"column":22},"end":{"line":9,"column":34}},"9":{"start":{"line":10,"column":4},"end":{"line":13,"column":5}},"10":{"start":{"line":11,"column":6},"end":{"line":11,"column":22}},"11":{"start":{"line":12,"column":6},"end":{"line":12,"column":33}},"12":{"start":{"line":16,"column":2},"end":{"line":16,"column":15}}},"fnMap":{"0":{"name":"(anonymous_0)","decl":{"start":{"line":1,"column":23},"end":{"line":1,"column":24}},"loc":{"start":{"line":1,"column":46},"end":{"line":17,"column":1}},"line":1},"1":{"name":"(anonymous_1)","decl":{"start":{"line":5,"column":16},"end":{"line":5,"column":17}},"loc":{"start":{"line":5,"column":23},"end":{"line":5,"column":72}},"line":5},"2":{"name":"(anonymous_2)","decl":{"start":{"line":6,"column":13},"end":{"line":6,"column":14}},"loc":{"start":{"line":6,"column":20},"end":{"line":14,"column":3}},"line":6}},"branchMap":{"0":{"loc":{"start":{"line":5,"column":36},"end":{"line":5,"column":71}},"type":"cond-expr","locations":[{"start":{"line":5,"column":51},"end":{"line":5,"column":67}},{"start":{"line":5,"column":70},"end":{"line":5,"column":71}}],"line":5},"1":{"loc":{"start":{"line":7,"column":4},"end":{"line":7,"column":84}},"type":"if","locations":[{"start":{"line":7,"column":4},"end":{"line":7,"column":84}},{"start":{"line":7,"column":4},"end":{"line":7,"column":84}}],"line":7},"2":{"loc":{"start":{"line":7,"column":7},"end":{"line":7,"column":71}},"type":"binary-expr","locations":[{"start":{"line":7,"column":7},"end":{"line":7,"column":37}},{"start":{"line":7,"column":41},"end":{"line":7,"column":71}}],"line":7},"3":{"loc":{"start":{"line":10,"column":4},"end":{"line":13,"column":5}},"type":"if","locations":[{"start":{"line":10,"column":4},"end":{"line":13,"column":5}},{"start":{"line":10,"column":4},"end":{"line":13,"column":5}}],"line":10}},"s":{"0":1,"1":2,"2":2,"3":2,"4":7,"5":2,"6":7,"7":0,"8":7,"9":7,"10":4,"11":4,"12":2},"f":{"0":2,"1":7,"2":7},"b":{"0":[2,5],"1":[0,7],"2":[7,7],"3":[4,3]},"_coverageSchema":"1a1c01bbd47fc00a2c39e90264f33305004495a9","hash":"6a3105c41b70952a4477f5a597317503b863a586"}
}
