{"D:\\workspace\\leetcode\\src\\118.pascalsTriangle.js": {"path":"D:\\workspace\\leetcode\\src\\118.pascalsTriangle.js","statementMap":{"0":{"start":{"line":5,"column":22},"end":{"line":17,"column":1}},"1":{"start":{"line":6,"column":17},"end":{"line":6,"column":19}},"2":{"start":{"line":7,"column":2},"end":{"line":15,"column":3}},"3":{"start":{"line":7,"column":14},"end":{"line":7,"column":15}},"4":{"start":{"line":8,"column":14},"end":{"line":8,"column":15}},"5":{"start":{"line":9,"column":16},"end":{"line":9,"column":18}},"6":{"start":{"line":10,"column":4},"end":{"line":13,"column":5}},"7":{"start":{"line":10,"column":16},"end":{"line":10,"column":17}},"8":{"start":{"line":11,"column":6},"end":{"line":11,"column":19}},"9":{"start":{"line":12,"column":6},"end":{"line":12,"column":29}},"10":{"start":{"line":14,"column":4},"end":{"line":14,"column":20}},"11":{"start":{"line":16,"column":2},"end":{"line":16,"column":15}},"12":{"start":{"line":19,"column":23},"end":{"line":30,"column":1}},"13":{"start":{"line":20,"column":15},"end":{"line":20,"column":17}},"14":{"start":{"line":21,"column":2},"end":{"line":28,"column":3}},"15":{"start":{"line":21,"column":15},"end":{"line":21,"column":16}},"16":{"start":{"line":22,"column":6},"end":{"line":22,"column":21}},"17":{"start":{"line":23,"column":6},"end":{"line":23,"column":23}},"18":{"start":{"line":24,"column":6},"end":{"line":26,"column":7}},"19":{"start":{"line":24,"column":19},"end":{"line":24,"column":20}},"20":{"start":{"line":25,"column":10},"end":{"line":25,"column":58}},"21":{"start":{"line":27,"column":6},"end":{"line":27,"column":23}},"22":{"start":{"line":29,"column":2},"end":{"line":29,"column":16}}},"fnMap":{"0":{"name":"(anonymous_0)","decl":{"start":{"line":5,"column":22},"end":{"line":5,"column":23}},"loc":{"start":{"line":5,"column":40},"end":{"line":17,"column":1}},"line":5},"1":{"name":"(anonymous_1)","decl":{"start":{"line":19,"column":23},"end":{"line":19,"column":24}},"loc":{"start":{"line":19,"column":41},"end":{"line":30,"column":1}},"line":19}},"branchMap":{},"s":{"0":1,"1":3,"2":3,"3":3,"4":8,"5":8,"6":8,"7":8,"8":19,"9":19,"10":8,"11":3,"12":1,"13":3,"14":3,"15":3,"16":8,"17":8,"18":8,"19":8,"20":6,"21":8,"22":3},"f":{"0":3,"1":3},"b":{},"_coverageSchema":"1a1c01bbd47fc00a2c39e90264f33305004495a9","hash":"6c49d36b47dedae062c344f1fc3690190d38c6dc"}
}
