TN:
SF:src\36.validSudoku.js
FN:5,(anonymous_0)
FN:8,(anonymous_1)
FN:9,(anonymous_2)
FN:28,(anonymous_3)
FNF:4
FNH:4
FNDA:1,(anonymous_0)
FNDA:90,(anonymous_1)
FNDA:90,(anonymous_2)
FNDA:40,(anonymous_3)
DA:5,1
DA:7,1
DA:8,90
DA:9,90
DA:11,9
DA:12,81
DA:13,81
DA:15,81
DA:16,65
DA:17,0
DA:19,81
DA:20,65
DA:21,0
DA:26,1
DA:27,2
DA:28,40
DA:29,4
DA:30,12
DA:31,36
DA:33,36
DA:35,36
DA:36,27
DA:37,1
DA:43,0
LF:24
LH:21
BRDA:15,0,0,16
BRDA:15,0,1,65
BRDA:16,1,0,65
BRDA:16,1,1,0
BRDA:19,2,0,16
BRDA:19,2,1,65
BRDA:20,3,0,65
BRDA:20,3,1,0
BRDA:35,4,0,9
BRDA:35,4,1,27
BRDA:36,5,0,26
BRDA:36,5,1,1
BRF:12
BRH:10
end_of_record
